<?xml version="1.0" encoding="UTF-8"?>
<!-- Generated by org.testng.reporters.JUnitReportReporter -->
<testsuite skipped="0" hostname="SHIRIDIX03" name="TestCases.IndexTest" tests="2" failures="0" timestamp="2020-04-28T16:33:10 IST" time="23.557" errors="0">
  <testcase name="browserLaunch" time="16.794" classname="TestCases.IndexTest"/>
  <testcase name="test1" time="6.763" classname="TestCases.IndexTest"/>
</testsuite> <!-- TestCases.IndexTest -->
