<?xml version="1.0" encoding="UTF-8"?>
<!-- Generated by org.testng.reporters.JUnitReportReporter -->
<testsuite skipped="0" hostname="SHIRIDIX03" name="TestCases.RegisterTest" tests="3" failures="0" timestamp="2020-04-28T17:45:35 IST" time="87.894" errors="0">
  <testcase name="test1" time="6.752" classname="TestCases.RegisterTest"/>
  <testcase name="browserLaunch" time="17.494" classname="TestCases.RegisterTest"/>
  <testcase name="registerCust" time="63.648" classname="TestCases.RegisterTest"/>
</testsuite> <!-- TestCases.RegisterTest -->
