<?xml version="1.0" encoding="UTF-8"?>
<!-- Generated by org.testng.reporters.JUnitReportReporter -->
<testsuite skipped="0" hostname="SHIRIDIX03" name="com.Base.BrowserLaunch" tests="1" failures="0" timestamp="2020-04-27T20:04:10 IST" time="17.478" errors="0">
  <testcase name="browserLaunch" time="17.478" classname="com.Base.BrowserLaunch"/>
</testsuite> <!-- com.Base.BrowserLaunch -->
